Сборка начата 04.11.2015 10:28:38.
     1>Проект "E:\My files\Программирование сетевых приложений\Лабораторные работы\Lab_03\ClientU\ClientU\ClientU.vcxproj" в узле 2 (целевые объекты Build).
     1>ClCompile:
         C:\Program Files (x86)\VC\bin\CL.exe /c /Zi /nologo /W3 /WX- /O2 /Oi /Oy- /GL /D WIN32 /D NDEBUG /D _CONSOLE /D _UNICODE /D UNICODE /Gm- /EHsc /MD /GS /Gy /fp:precise /Zc:wchar_t /Zc:forScope /Yc"stdafx.h" /Fp"Release\ClientU.pch" /Fo"Release\\" /Fd"Release\vc120.pdb" /Gd /TP /analyze- /errorReport:prompt stdafx.cpp
         stdafx.cpp
         C:\Program Files (x86)\VC\bin\CL.exe /c /Zi /nologo /W3 /WX- /O2 /Oi /Oy- /GL /D WIN32 /D NDEBUG /D _CONSOLE /D _UNICODE /D UNICODE /Gm- /EHsc /MD /GS /Gy /fp:precise /Zc:wchar_t /Zc:forScope /Yu"stdafx.h" /Fp"Release\ClientU.pch" /Fo"Release\\" /Fd"Release\vc120.pdb" /Gd /TP /analyze- /errorReport:prompt ClientU.cpp
         ClientU.cpp
     1>ClientU.cpp(106): warning C4996: 'inet_addr': Use inet_pton() or InetPton() instead or define _WINSOCK_DEPRECATED_NO_WARNINGS to disable deprecated API warnings
                 C:\Program Files (x86)\Windows Kits\8.1\Include\um\Winsock2.h(1850): см. объявление "inet_addr"
     1>ClientU.cpp(115): warning C4996: 'sprintf': This function or variable may be unsafe. Consider using sprintf_s instead. To disable deprecation, use _CRT_SECURE_NO_WARNINGS. See online help for details.
                 C:\Program Files (x86)\VC\include\stdio.h(356): см. объявление "sprintf"
     1>ClientU.cpp(117): warning C4996: 'strcpy': This function or variable may be unsafe. Consider using strcpy_s instead. To disable deprecation, use _CRT_SECURE_NO_WARNINGS. See online help for details.
                 C:\Program Files (x86)\VC\include\string.h(112): см. объявление "strcpy"
     1>ClientU.cpp(118): warning C4996: 'strcat': This function or variable may be unsafe. Consider using strcat_s instead. To disable deprecation, use _CRT_SECURE_NO_WARNINGS. See online help for details.
                 C:\Program Files (x86)\VC\include\string.h(118): см. объявление "strcat"
       Link:
         C:\Program Files (x86)\VC\bin\link.exe /ERRORREPORT:PROMPT /OUT:"E:\My files\Программирование сетевых приложений\Лабораторные работы\Lab_03\ClientU\Release\ClientU.exe" /INCREMENTAL:NO /NOLOGO kernel32.lib user32.lib gdi32.lib winspool.lib comdlg32.lib advapi32.lib shell32.lib ole32.lib oleaut32.lib uuid.lib odbc32.lib odbccp32.lib /MANIFEST /MANIFESTUAC:"level='asInvoker' uiAccess='false'" /manifest:embed /DEBUG /PDB:"E:\My files\Программирование сетевых приложений\Лабораторные работы\Lab_03\ClientU\Release\ClientU.pdb" /SUBSYSTEM:CONSOLE /OPT:REF /OPT:ICF /LTCG /TLBID:1 /DYNAMICBASE /NXCOMPAT /IMPLIB:"E:\My files\Программирование сетевых приложений\Лабораторные работы\Lab_03\ClientU\Release\ClientU.lib" /MACHINE:X86 /SAFESEH Release\ClientU.obj
         Release\stdafx.obj
         Создание кода
         Создание кода завершено
     1>LINK : fatal error LNK1207: несовместимый формат PDB в "E:\My files\Программирование сетевых приложений\Лабораторные работы\Lab_03\ClientU\Release\ClientU.pdb"; удалите и перестройте
     1>Сборка проекта "E:\My files\Программирование сетевых приложений\Лабораторные работы\Lab_03\ClientU\ClientU\ClientU.vcxproj" завершена (целевые объекты Build) с ошибкой.

Ошибка сборки.

Затраченное время: 00:00:04.30
