d:\учёба\6 сем\распределенные системы\lab2рис\lab2часть 2\serveru\serveru\debug\serveru.pch
d:\учёба\6 сем\распределенные системы\lab2рис\lab2часть 2\serveru\serveru\debug\vc120.pdb
d:\учёба\6 сем\распределенные системы\lab2рис\lab2часть 2\serveru\serveru\debug\vc120.idb
d:\учёба\6 сем\распределенные системы\lab2рис\lab2часть 2\serveru\serveru\debug\stdafx.obj
d:\учёба\6 сем\распределенные системы\lab2рис\lab2часть 2\serveru\serveru\debug\serveru.obj
d:\учёба\6 сем\распределенные системы\lab2рис\lab2часть 2\serveru\debug\serveru.ilk
d:\учёба\6 сем\распределенные системы\lab2рис\lab2часть 2\serveru\debug\serveru.exe
d:\учёба\6 сем\распределенные системы\lab2рис\lab2часть 2\serveru\debug\serveru.pdb
d:\ris2lab\lab2\serveru\serveru\debug\serveru.obj
d:\ris2lab\lab2\serveru\serveru\debug\stdafx.obj
d:\ris2lab\lab2\serveru\serveru\debug\serveru.pch
d:\ris2lab\lab2\serveru\serveru\debug\vc120.idb
d:\ris2lab\lab2\serveru\serveru\debug\vc120.pdb
d:\ris2lab\lab2\serveru\debug\serveru.pdb
d:\ris2lab\lab2\serveru\debug\serveru.exe
d:\ris2lab\lab2\serveru\debug\serveru.ilk
d:\ris2lab\lab2\serveru\serveru\debug\serveru.tlog\cl.command.1.tlog
d:\ris2lab\lab2\serveru\serveru\debug\serveru.tlog\cl.read.1.tlog
d:\ris2lab\lab2\serveru\serveru\debug\serveru.tlog\cl.write.1.tlog
d:\ris2lab\lab2\serveru\serveru\debug\serveru.tlog\link.command.1.tlog
d:\ris2lab\lab2\serveru\serveru\debug\serveru.tlog\link.read.1.tlog
d:\ris2lab\lab2\serveru\serveru\debug\serveru.tlog\link.write.1.tlog
